<?xml version="1.0" encoding="UTF-8"?>
<testng-results ignored="0" total="1" passed="1" failed="0" skipped="0">
  <reporter-output>
  </reporter-output>
  <suite started-at="2025-09-08T13:57:53 PST" name="Default suite" finished-at="2025-09-08T13:57:58 PST" duration-ms="4896">
    <groups>
    </groups>
    <test started-at="2025-09-08T13:57:53 PST" name="Default test" finished-at="2025-09-08T13:57:58 PST" duration-ms="4896">
      <class name="Demo.Login">
        <test-method signature="Test()[pri:0, instance:Demo.Login@6dc17b83]" started-at="2025-09-08T13:57:53 PST" name="Test" finished-at="2025-09-08T13:57:58 PST" duration-ms="4858" status="PASS">
          <reporter-output>
          </reporter-output>
        </test-method> <!-- Test -->
      </class> <!-- Demo.Login -->
    </test> <!-- Default test -->
  </suite> <!-- Default suite -->
</testng-results>
